schoolApp/build/outputs/apk/manifest-merger-debug-report.txt
-- Merging decision tree log ---
manifest
ADDED from AndroidManifest.xml:2:1
	xmlns:android
		ADDED from AndroidManifest.xml:2:11
	package
		ADDED from AndroidManifest.xml:3:5
		INJECTED from AndroidManifest.xml:0:0
		INJECTED from AndroidManifest.xml:0:0
	android:versionName
		ADDED from AndroidManifest.xml:6:5
	android:versionCode
		ADDED from AndroidManifest.xml:5:5
		INJECTED from AndroidManifest.xml:0:0
		INJECTED from AndroidManifest.xml:0:0
	android:installLocation
		ADDED from AndroidManifest.xml:4:5
uses-sdk
ADDED from AndroidManifest.xml:8:5
MERGED from champs21_app:aFileChooser:unspecified:20:5
MERGED from com.android.support:support-v4:20.0.0:16:5
MERGED from champs21_app:pullToRefreshLibrary:unspecified:7:5
MERGED from champs21_app:simpleFacebook:unspecified:20:5
MERGED from champs21_app:facebookSDK:unspecified:20:5
MERGED from com.android.support:support-v4:20.0.0:16:5
MERGED from champs21_app:flowTextView:unspecified:7:5
MERGED from com.android.support:support-v4:20.0.0:16:5
MERGED from com.android.support:support-v4:20.0.0:16:5
MERGED from com.google.android.gms:play-services:6.1.71:15:5
MERGED from com.android.support:support-v4:20.0.0:16:5
	android:targetSdkVersion
		ADDED from AndroidManifest.xml:10:9
		INJECTED from AndroidManifest.xml:0:0
		INJECTED from AndroidManifest.xml:0:0
	android:minSdkVersion
		ADDED from AndroidManifest.xml:9:9
		INJECTED from AndroidManifest.xml:0:0
		INJECTED from AndroidManifest.xml:0:0
uses-permission#android.permission.GET_ACCOUNTS
ADDED from AndroidManifest.xml:12:5
	android:name
		ADDED from AndroidManifest.xml:12:22
uses-permission#android.permission.USE_CREDENTIALS
ADDED from AndroidManifest.xml:13:5
	android:name
		ADDED from AndroidManifest.xml:13:22
uses-permission#android.permission.INTERNET
ADDED from AndroidManifest.xml:14:5
	android:name
		ADDED from AndroidManifest.xml:14:22
uses-permission#android.permission.READ_PHONE_STATE
ADDED from AndroidManifest.xml:15:5
	android:name
		ADDED from AndroidManifest.xml:15:22
uses-permission#android.permission.ACCESS_NETWORK_STATE
ADDED from AndroidManifest.xml:16:5
	android:name
		ADDED from AndroidManifest.xml:16:22
uses-permission#android.permission.READ_CALENDAR
ADDED from AndroidManifest.xml:17:5
	android:name
		ADDED from AndroidManifest.xml:17:22
uses-permission#android.permission.WRITE_CALENDAR
ADDED from AndroidManifest.xml:18:5
	android:name
		ADDED from AndroidManifest.xml:18:22
uses-permission#android.permission.WAKE_LOCK
ADDED from AndroidManifest.xml:19:5
	android:name
		ADDED from AndroidManifest.xml:19:22
uses-permission#android.permission.WRITE_EXTERNAL_STORAGE
ADDED from AndroidManifest.xml:20:5
	android:name
		ADDED from AndroidManifest.xml:20:22
uses-permission#android.permission.READ_EXTERNAL_STORAGE
ADDED from AndroidManifest.xml:21:5
	android:name
		ADDED from AndroidManifest.xml:21:22
permission#com.champs21.schoolapp.permission.C2D_MESSAGE
ADDED from AndroidManifest.xml:35:5
	android:protectionLevel
		ADDED from AndroidManifest.xml:37:9
	android:name
		ADDED from AndroidManifest.xml:36:9
uses-permission#com.champs21.schoolapp.permission.C2D_MESSAGE
ADDED from AndroidManifest.xml:39:5
	android:name
		ADDED from AndroidManifest.xml:39:22
uses-permission#com.google.android.c2dm.permission.RECEIVE
ADDED from AndroidManifest.xml:42:5
	android:name
		ADDED from AndroidManifest.xml:42:22
application
ADDED from AndroidManifest.xml:44:5
MERGED from com.android.support:support-v4:20.0.0:17:5
MERGED from champs21_app:pullToRefreshLibrary:unspecified:11:5
MERGED from champs21_app:simpleFacebook:unspecified:24:5
MERGED from champs21_app:facebookSDK:unspecified:24:5
MERGED from com.android.support:support-v4:20.0.0:17:5
MERGED from champs21_app:flowTextView:unspecified:11:5
MERGED from com.android.support:support-v4:20.0.0:17:5
MERGED from com.android.support:support-v4:20.0.0:17:5
MERGED from com.google.android.gms:play-services:6.1.71:16:5
MERGED from com.android.support:support-v4:20.0.0:17:5
	android:screenOrientation
		ADDED from AndroidManifest.xml:50:9
	android:label
		ADDED from AndroidManifest.xml:48:9
	android:allowBackup
		ADDED from AndroidManifest.xml:46:9
	android:icon
		ADDED from AndroidManifest.xml:47:9
	android:theme
		ADDED from champs21_app:flowTextView:unspecified:13:9
	android:name
		ADDED from AndroidManifest.xml:45:9
	android:logo
		ADDED from AndroidManifest.xml:49:9
meta-data#com.google.android.gms.version
ADDED from AndroidManifest.xml:51:9
	android:name
		ADDED from AndroidManifest.xml:52:13
	android:value
		ADDED from AndroidManifest.xml:53:13
activity#com.google.android.gms.ads.AdActivity
ADDED from AndroidManifest.xml:56:9
	android:configChanges
		ADDED from AndroidManifest.xml:58:13
	android:theme
		ADDED from AndroidManifest.xml:59:13
	android:name
		ADDED from AndroidManifest.xml:57:13
activity#com.champs21.freeversion.HomePageFreeVersion
ADDED from AndroidManifest.xml:62:9
	android:screenOrientation
		ADDED from AndroidManifest.xml:65:13
	android:label
		ADDED from AndroidManifest.xml:64:13
	android:name
		ADDED from AndroidManifest.xml:63:13
activity#com.champs21.schoolapp.SplashScreenActivity
ADDED from AndroidManifest.xml:67:9
	android:screenOrientation
		ADDED from AndroidManifest.xml:70:13
	android:label
		ADDED from AndroidManifest.xml:69:13
	android:theme
		ADDED from AndroidManifest.xml:71:13
	android:name
		ADDED from AndroidManifest.xml:68:13
intent-filter#android.intent.action.MAIN+android.intent.category.LAUNCHER
ADDED from AndroidManifest.xml:72:13
action#android.intent.action.MAIN
ADDED from AndroidManifest.xml:73:17
	android:name
		ADDED from AndroidManifest.xml:73:25
category#android.intent.category.LAUNCHER
ADDED from AndroidManifest.xml:75:17
	android:name
		ADDED from AndroidManifest.xml:75:27
activity#com.champs21.freeversion.HomeBaseActivity
ADDED from AndroidManifest.xml:78:9
	android:screenOrientation
		ADDED from AndroidManifest.xml:81:13
	android:label
		ADDED from AndroidManifest.xml:80:13
	android:name
		ADDED from AndroidManifest.xml:79:13
activity#com.champs21.schoolapp.LoginActivity
ADDED from AndroidManifest.xml:82:9
	android:windowSoftInputMode
		ADDED from AndroidManifest.xml:86:13
	android:screenOrientation
		ADDED from AndroidManifest.xml:85:13
	android:label
		ADDED from AndroidManifest.xml:84:13
	android:theme
		ADDED from AndroidManifest.xml:87:13
	android:name
		ADDED from AndroidManifest.xml:83:13
activity#com.champs21.freeversion.GoodReadActivity
ADDED from AndroidManifest.xml:88:9
	android:screenOrientation
		ADDED from AndroidManifest.xml:91:13
	android:label
		ADDED from AndroidManifest.xml:90:13
	android:name
		ADDED from AndroidManifest.xml:89:13
activity#com.champs21.freeversion.FreeVersionLoggedInActivity
ADDED from AndroidManifest.xml:92:9
	android:screenOrientation
		ADDED from AndroidManifest.xml:95:13
	android:label
		ADDED from AndroidManifest.xml:94:13
	android:theme
		ADDED from AndroidManifest.xml:96:13
	android:name
		ADDED from AndroidManifest.xml:93:13
activity#com.champs21.schoolapp.HomePageActivity
ADDED from AndroidManifest.xml:97:9
	android:screenOrientation
		ADDED from AndroidManifest.xml:100:13
	android:label
		ADDED from AndroidManifest.xml:99:13
	android:theme
		ADDED from AndroidManifest.xml:101:13
	android:name
		ADDED from AndroidManifest.xml:98:13
activity#com.champs21.schoolapp.TestActivity
ADDED from AndroidManifest.xml:102:9
	android:screenOrientation
		ADDED from AndroidManifest.xml:105:13
	android:label
		ADDED from AndroidManifest.xml:104:13
	android:theme
		ADDED from AndroidManifest.xml:106:13
	android:name
		ADDED from AndroidManifest.xml:103:13
activity#com.champs21.schoolapp.ChildSelectionActivity
ADDED from AndroidManifest.xml:107:9
	android:screenOrientation
		ADDED from AndroidManifest.xml:110:13
	android:label
		ADDED from AndroidManifest.xml:109:13
	android:theme
		ADDED from AndroidManifest.xml:111:13
	android:name
		ADDED from AndroidManifest.xml:108:13
activity#com.champs21.freeversion.RegistrationActivity
ADDED from AndroidManifest.xml:112:9
	android:screenOrientation
		ADDED from AndroidManifest.xml:115:13
	android:label
		ADDED from AndroidManifest.xml:114:13
	android:theme
		ADDED from AndroidManifest.xml:116:13
	android:name
		ADDED from AndroidManifest.xml:113:13
activity#com.champs21.freeversion.SingleItemShowActivity
ADDED from AndroidManifest.xml:122:9
	android:screenOrientation
		ADDED from AndroidManifest.xml:126:13
	android:label
		ADDED from AndroidManifest.xml:125:13
	android:hardwareAccelerated
		ADDED from AndroidManifest.xml:124:13
	android:name
		ADDED from AndroidManifest.xml:123:13
intent-filter#android.intent.action.VIEW+android.intent.category.BROWSABLE+android.intent.category.DEFAULT
ADDED from AndroidManifest.xml:127:13
action#android.intent.action.VIEW
ADDED from AndroidManifest.xml:128:17
	android:name
		ADDED from AndroidManifest.xml:128:25
category#android.intent.category.DEFAULT
ADDED from AndroidManifest.xml:130:17
	android:name
		ADDED from AndroidManifest.xml:130:27
category#android.intent.category.BROWSABLE
ADDED from AndroidManifest.xml:131:17
	android:name
		ADDED from AndroidManifest.xml:131:27
data
ADDED from AndroidManifest.xml:133:17
	android:host
		ADDED from AndroidManifest.xml:134:21
	android:pathPrefix
		ADDED from AndroidManifest.xml:136:21
	android:scheme
		ADDED from AndroidManifest.xml:135:21
activity#com.champs21.freeversion.CompleteProfileActivityContainer
ADDED from AndroidManifest.xml:144:9
	android:screenOrientation
		ADDED from AndroidManifest.xml:147:13
	android:label
		ADDED from AndroidManifest.xml:146:13
	android:theme
		ADDED from AndroidManifest.xml:148:13
	android:name
		ADDED from AndroidManifest.xml:145:13
activity#com.facebook.LoginActivity
ADDED from AndroidManifest.xml:149:9
	android:screenOrientation
		ADDED from AndroidManifest.xml:151:13
	android:theme
		ADDED from AndroidManifest.xml:152:13
	android:name
		ADDED from AndroidManifest.xml:150:13
meta-data#com.facebook.sdk.ApplicationId
ADDED from AndroidManifest.xml:154:9
	android:name
		ADDED from AndroidManifest.xml:155:13
	android:value
		ADDED from AndroidManifest.xml:156:13
receiver#com.champs21.schoolapp.utils.MyAlarm
ADDED from AndroidManifest.xml:158:9
	android:name
		ADDED from AndroidManifest.xml:158:19
receiver#com.champs21.schoolapp.utils.BootBroadcastReceiver
ADDED from AndroidManifest.xml:160:9
	android:enabled
		ADDED from AndroidManifest.xml:162:13
	android:name
		ADDED from AndroidManifest.xml:161:13
intent-filter#android.intent.action.BOOT_COMPLETED
ADDED from AndroidManifest.xml:163:13
action#android.intent.action.BOOT_COMPLETED
ADDED from AndroidManifest.xml:164:17
	android:name
		ADDED from AndroidManifest.xml:164:25
activity#com.champs21.freeversion.CandleActivity
ADDED from AndroidManifest.xml:168:9
	android:screenOrientation
		ADDED from AndroidManifest.xml:171:13
	android:label
		ADDED from AndroidManifest.xml:170:13
	android:name
		ADDED from AndroidManifest.xml:169:13
activity#com.champs21.freeversion.SchoolDetailsActivity
ADDED from AndroidManifest.xml:173:9
	android:screenOrientation
		ADDED from AndroidManifest.xml:176:13
	android:label
		ADDED from AndroidManifest.xml:175:13
	android:name
		ADDED from AndroidManifest.xml:174:13
activity#com.champs21.freeversion.SchoolAllActivities
ADDED from AndroidManifest.xml:178:9
	android:screenOrientation
		ADDED from AndroidManifest.xml:180:13
	android:name
		ADDED from AndroidManifest.xml:179:13
activity#com.champs21.freeversion.SchoolPopulationActivity
ADDED from AndroidManifest.xml:182:9
	android:screenOrientation
		ADDED from AndroidManifest.xml:184:13
	android:name
		ADDED from AndroidManifest.xml:183:13
activity#com.champs21.freeversion.SingleSchooolFromSearchActivity
ADDED from AndroidManifest.xml:186:9
	android:screenOrientation
		ADDED from AndroidManifest.xml:188:13
	android:name
		ADDED from AndroidManifest.xml:187:13
activity#com.champs21.freeversion.CmartMainActivity
ADDED from AndroidManifest.xml:190:9
	android:screenOrientation
		ADDED from AndroidManifest.xml:192:13
	android:name
		ADDED from AndroidManifest.xml:191:13
activity#com.champs21.freeversion.CmartProductDetaillActivity
ADDED from AndroidManifest.xml:194:9
	android:label
		ADDED from AndroidManifest.xml:196:13
	android:name
		ADDED from AndroidManifest.xml:195:13
activity#com.champs21.freeversion.InfoActivity
ADDED from AndroidManifest.xml:198:9
	android:screenOrientation
		ADDED from AndroidManifest.xml:200:13
	android:name
		ADDED from AndroidManifest.xml:199:13
activity#com.champs21.freeversion.WordsOfTheDayMainActivity
ADDED from AndroidManifest.xml:202:9
	android:screenOrientation
		ADDED from AndroidManifest.xml:204:13
	android:name
		ADDED from AndroidManifest.xml:203:13
activity#com.champs21.freeversion.PreferenceSettingsActivity
ADDED from AndroidManifest.xml:206:9
	android:screenOrientation
		ADDED from AndroidManifest.xml:208:13
	android:name
		ADDED from AndroidManifest.xml:207:13
activity#com.champs21.freeversion.AccountSettingsActivity
ADDED from AndroidManifest.xml:211:9
	android:screenOrientation
		ADDED from AndroidManifest.xml:213:13
	android:name
		ADDED from AndroidManifest.xml:212:13
activity#com.champs21.freeversion.CartActivity
ADDED from AndroidManifest.xml:215:9
	android:label
		ADDED from AndroidManifest.xml:217:13
	android:name
		ADDED from AndroidManifest.xml:216:13
activity#com.champs21.freeversion.VideoPlayerActivity
ADDED from AndroidManifest.xml:219:9
	android:configChanges
		ADDED from AndroidManifest.xml:221:13
	android:name
		ADDED from AndroidManifest.xml:220:13
activity#com.champs21.freeversion.SchoolScrollableDetailsActivity
ADDED from AndroidManifest.xml:223:9
	android:screenOrientation
		ADDED from AndroidManifest.xml:225:13
	android:name
		ADDED from AndroidManifest.xml:224:13
activity#com.champs21.freeversion.SchoolFreeVersionActivity
ADDED from AndroidManifest.xml:227:9
	android:screenOrientation
		ADDED from AndroidManifest.xml:229:13
	android:name
		ADDED from AndroidManifest.xml:228:13
activity#com.champs21.freeversion.SingleSchoolFreeVersionActivity
ADDED from AndroidManifest.xml:231:9
	android:screenOrientation
		ADDED from AndroidManifest.xml:233:13
	android:name
		ADDED from AndroidManifest.xml:232:13
receiver#com.champs21.schoolapp.GcmBroadcastReceiver
ADDED from AndroidManifest.xml:245:9
	android:permission
		ADDED from AndroidManifest.xml:247:13
	android:name
		ADDED from AndroidManifest.xml:246:13
intent-filter#com.champs21.schoolapp+com.google.android.c2dm.intent.RECEIVE
ADDED from AndroidManifest.xml:248:13
action#com.google.android.c2dm.intent.RECEIVE
ADDED from AndroidManifest.xml:251:17
	android:name
		ADDED from AndroidManifest.xml:251:25
category#com.champs21.schoolapp
ADDED from AndroidManifest.xml:253:17
	android:name
		ADDED from AndroidManifest.xml:253:27
service#com.champs21.schoolapp.GcmIntentService
ADDED from AndroidManifest.xml:257:9
	android:name
		ADDED from AndroidManifest.xml:257:18
activity#com.champs21.freeversion.SchoolCandleSettingActivity
ADDED from AndroidManifest.xml:259:9
	android:screenOrientation
		ADDED from AndroidManifest.xml:261:13
	android:name
		ADDED from AndroidManifest.xml:260:13
activity#com.champs21.freeversion.PaidVersionHomePageActivity
ADDED from AndroidManifest.xml:263:9
	android:screenOrientation
		ADDED from AndroidManifest.xml:266:13
	android:label
		ADDED from AndroidManifest.xml:265:13
	android:name
		ADDED from AndroidManifest.xml:264:13
activity#com.champs21.freeversion.AssesmentActivity
ADDED from AndroidManifest.xml:268:9
	android:screenOrientation
		ADDED from AndroidManifest.xml:270:13
	android:name
		ADDED from AndroidManifest.xml:269:13
activity#com.champs21.schoolapp.StudentListActivity
ADDED from AndroidManifest.xml:272:9
	android:label
		ADDED from AndroidManifest.xml:274:13
	android:name
		ADDED from AndroidManifest.xml:273:13
activity#com.champs21.freeversion.CreateMeetingRequest
ADDED from AndroidManifest.xml:276:9
	android:screenOrientation
		ADDED from AndroidManifest.xml:278:13
	android:name
		ADDED from AndroidManifest.xml:277:13
activity#com.champs21.schoolapp.SyllabusActivity
ADDED from AndroidManifest.xml:280:9
	android:label
		ADDED from AndroidManifest.xml:282:13
	android:name
		ADDED from AndroidManifest.xml:281:13
activity#com.champs21.freeversion.AssesmentHistoryActivity
ADDED from AndroidManifest.xml:284:9
	android:screenOrientation
		ADDED from AndroidManifest.xml:286:13
	android:name
		ADDED from AndroidManifest.xml:285:13
activity#com.champs21.schoolapp.StudentInfoActivity
ADDED from AndroidManifest.xml:290:9
	android:screenOrientation
		ADDED from AndroidManifest.xml:292:13
	android:label
		ADDED from AndroidManifest.xml:293:13
	android:name
		ADDED from AndroidManifest.xml:291:13
activity#com.champs21.freeversion.AssessmentSummeryActivity
ADDED from AndroidManifest.xml:295:9
	android:screenOrientation
		ADDED from AndroidManifest.xml:297:13
	android:name
		ADDED from AndroidManifest.xml:296:13
activity#com.champs21.freeversion.SchoolSingleItemShowActivity
ADDED from AndroidManifest.xml:299:3
	android:screenOrientation
		ADDED from AndroidManifest.xml:302:13
	android:configChanges
		ADDED from AndroidManifest.xml:301:13
	android:name
		ADDED from AndroidManifest.xml:300:13
activity#com.champs21.freeversion.AssessmentLeaderBoardActivity
ADDED from AndroidManifest.xml:304:9
	android:screenOrientation
		ADDED from AndroidManifest.xml:305:13
	android:name
		ADDED from AndroidManifest.xml:304:19
activity#com.champs21.freeversion.AssessmentRules
ADDED from AndroidManifest.xml:308:9
	android:screenOrientation
		ADDED from AndroidManifest.xml:309:13
	android:name
		ADDED from AndroidManifest.xml:308:19
service#com.champs21.schoolapp.NotifyService
ADDED from AndroidManifest.xml:313:9
	android:name
		ADDED from AndroidManifest.xml:313:18
receiver#com.champs21.schoolapp.NotifyServiceReceiver
ADDED from AndroidManifest.xml:315:9
	android:name
		ADDED from AndroidManifest.xml:315:19
activity#com.champs21.freeversion.AssesmentHomeworkActivity
ADDED from AndroidManifest.xml:317:9
	android:screenOrientation
		ADDED from AndroidManifest.xml:319:13
	android:name
		ADDED from AndroidManifest.xml:318:13
activity#com.champs21.freeversion.SingleHomeworkActivity
ADDED from AndroidManifest.xml:323:9
	android:screenOrientation
		ADDED from AndroidManifest.xml:325:13
	android:name
		ADDED from AndroidManifest.xml:324:13
activity#com.champs21.freeversion.SingleCalendarEvent
ADDED from AndroidManifest.xml:328:9
	android:screenOrientation
		ADDED from AndroidManifest.xml:330:13
	android:name
		ADDED from AndroidManifest.xml:329:13
activity#com.champs21.schoolapp.NotificationActivity
ADDED from AndroidManifest.xml:334:9
	android:screenOrientation
		ADDED from AndroidManifest.xml:336:13
	android:name
		ADDED from AndroidManifest.xml:335:13
activity#com.champs21.freeversion.SingleSyllabus
ADDED from AndroidManifest.xml:338:9
	android:screenOrientation
		ADDED from AndroidManifest.xml:340:13
	android:name
		ADDED from AndroidManifest.xml:339:13
activity#com.champs21.freeversion.SyllabusMidLayerActivity
ADDED from AndroidManifest.xml:344:9
	android:screenOrientation
		ADDED from AndroidManifest.xml:346:13
	android:name
		ADDED from AndroidManifest.xml:345:13
activity#com.champs21.freeversion.SingleExamRoutine
ADDED from AndroidManifest.xml:350:9
	android:screenOrientation
		ADDED from AndroidManifest.xml:352:13
	android:name
		ADDED from AndroidManifest.xml:351:13
activity#com.champs21.freeversion.SingleItemTermReportActivity
ADDED from AndroidManifest.xml:355:9
	android:screenOrientation
		ADDED from AndroidManifest.xml:357:13
	android:name
		ADDED from AndroidManifest.xml:356:13
activity#com.champs21.freeversion.TeacherHomeworkDoneActivity
ADDED from AndroidManifest.xml:359:9
	android:screenOrientation
		ADDED from AndroidManifest.xml:361:13
	android:name
		ADDED from AndroidManifest.xml:360:13
activity#com.champs21.freeversion.SingleTeacherHomeworkActivity
ADDED from AndroidManifest.xml:364:9
	android:screenOrientation
		ADDED from AndroidManifest.xml:366:13
	android:name
		ADDED from AndroidManifest.xml:365:13
activity#com.champs21.freeversion.SingleNoticeActivity
ADDED from AndroidManifest.xml:369:9
	android:screenOrientation
		ADDED from AndroidManifest.xml:371:13
	android:name
		ADDED from AndroidManifest.xml:370:13
activity#com.champs21.freeversion.AnyFragmentLoadActivity
ADDED from AndroidManifest.xml:374:9
	android:screenOrientation
		ADDED from AndroidManifest.xml:376:13
	android:name
		ADDED from AndroidManifest.xml:375:13
activity#com.champs21.freeversion.SingleMeetingRequestActivity
ADDED from AndroidManifest.xml:379:9
	android:screenOrientation
		ADDED from AndroidManifest.xml:381:13
	android:name
		ADDED from AndroidManifest.xml:380:13
activity#com.champs21.freeversion.SingleLessonPlan
ADDED from AndroidManifest.xml:385:9
	android:screenOrientation
		ADDED from AndroidManifest.xml:387:13
	android:name
		ADDED from AndroidManifest.xml:386:13
activity#com.champs21.freeversion.EditLessonPlanActivity
ADDED from AndroidManifest.xml:391:9
	android:screenOrientation
		ADDED from AndroidManifest.xml:393:13
	android:name
		ADDED from AndroidManifest.xml:392:13
activity#com.champs21.freeversion.LessonPlanSubjectDetailsActivity
ADDED from AndroidManifest.xml:397:9
	android:screenOrientation
		ADDED from AndroidManifest.xml:399:13
	android:name
		ADDED from AndroidManifest.xml:398:13